2019-11-03 13:45:34.342 [main] INFO  com.course.Application - Starting Application on wangchunyandeMacBook-Pro.local with PID 70238 (/Users/wangchunyan/Programs/AutoTest/Chapter13/target/classes started by wangchunyan in /Users/wangchunyan/Programs/AutoTest)
2019-11-03 13:45:34.376 [main] INFO  com.course.Application - No active profile set, falling back to default profiles: default
2019-11-03 13:45:34.884 [main] WARN  org.mybatis.spring.mapper.ClassPathMapperScanner - No MyBatis mapper was found in '[com.course]' package. Please check your configuration.
2019-11-03 13:45:35.067 [main] INFO  o.s.context.support.PostProcessorRegistrationDelegate$BeanPostProcessorChecker - Bean 'org.springframework.transaction.annotation.ProxyTransactionManagementConfiguration' of type [org.springframework.transaction.annotation.ProxyTransactionManagementConfiguration$$EnhancerBySpringCGLIB$$d1ac3440] is not eligible for getting processed by all BeanPostProcessors (for example: not eligible for auto-proxying)
2019-11-03 13:45:35.252 [main] INFO  org.springframework.boot.web.embedded.tomcat.TomcatWebServer - Tomcat initialized with port(s): 8080 (http)
2019-11-03 13:45:35.270 [main] INFO  org.apache.catalina.core.StandardService - Starting service [Tomcat]
2019-11-03 13:45:35.271 [main] INFO  org.apache.catalina.core.StandardEngine - Starting Servlet engine: [Apache Tomcat/9.0.24]
2019-11-03 13:45:35.333 [main] INFO  org.apache.catalina.core.ContainerBase.[Tomcat].[localhost].[/] - Initializing Spring embedded WebApplicationContext
2019-11-03 13:45:35.333 [main] INFO  org.springframework.web.context.ContextLoader - Root WebApplicationContext: initialization completed in 918 ms
2019-11-03 13:45:35.702 [main] WARN  o.s.boot.web.servlet.context.AnnotationConfigServletWebServerApplicationContext - Exception encountered during context initialization - cancelling refresh attempt: org.springframework.beans.factory.BeanCreationException: Error creating bean with name 'apiModelPropertyPropertyBuilder': Resolution of declared constructors on bean Class [springfox.documentation.swagger.schema.ApiModelPropertyPropertyBuilder] from ClassLoader [jdk.internal.loader.ClassLoaders$AppClassLoader@3d4eac69] failed; nested exception is java.lang.NoClassDefFoundError: springfox/documentation/spring/web/DescriptionResolver
2019-11-03 13:45:35.704 [main] INFO  org.apache.catalina.core.StandardService - Stopping service [Tomcat]
2019-11-03 13:45:35.712 [main] INFO  o.s.boot.autoconfigure.logging.ConditionEvaluationReportLoggingListener - 

Error starting ApplicationContext. To display the conditions report re-run your application with 'debug' enabled.
2019-11-03 13:45:35.715 [main] ERROR org.springframework.boot.SpringApplication - Application run failed
org.springframework.beans.factory.BeanCreationException: Error creating bean with name 'apiModelPropertyPropertyBuilder': Resolution of declared constructors on bean Class [springfox.documentation.swagger.schema.ApiModelPropertyPropertyBuilder] from ClassLoader [jdk.internal.loader.ClassLoaders$AppClassLoader@3d4eac69] failed; nested exception is java.lang.NoClassDefFoundError: springfox/documentation/spring/web/DescriptionResolver
	at org.springframework.beans.factory.annotation.AutowiredAnnotationBeanPostProcessor.determineCandidateConstructors(AutowiredAnnotationBeanPostProcessor.java:284)
	at org.springframework.beans.factory.support.AbstractAutowireCapableBeanFactory.determineConstructorsFromBeanPostProcessors(AbstractAutowireCapableBeanFactory.java:1269)
	at org.springframework.beans.factory.support.AbstractAutowireCapableBeanFactory.createBeanInstance(AbstractAutowireCapableBeanFactory.java:1184)
	at org.springframework.beans.factory.support.AbstractAutowireCapableBeanFactory.doCreateBean(AbstractAutowireCapableBeanFactory.java:555)
	at org.springframework.beans.factory.support.AbstractAutowireCapableBeanFactory.createBean(AbstractAutowireCapableBeanFactory.java:515)
	at org.springframework.beans.factory.support.AbstractBeanFactory.lambda$doGetBean$0(AbstractBeanFactory.java:320)
	at org.springframework.beans.factory.support.DefaultSingletonBeanRegistry.getSingleton(DefaultSingletonBeanRegistry.java:222)
	at org.springframework.beans.factory.support.AbstractBeanFactory.doGetBean(AbstractBeanFactory.java:318)
	at org.springframework.beans.factory.support.AbstractBeanFactory.getBean(AbstractBeanFactory.java:199)
	at org.springframework.beans.factory.support.DefaultListableBeanFactory.preInstantiateSingletons(DefaultListableBeanFactory.java:845)
	at org.springframework.context.support.AbstractApplicationContext.finishBeanFactoryInitialization(AbstractApplicationContext.java:877)
	at org.springframework.context.support.AbstractApplicationContext.refresh(AbstractApplicationContext.java:549)
	at org.springframework.boot.web.servlet.context.ServletWebServerApplicationContext.refresh(ServletWebServerApplicationContext.java:141)
	at org.springframework.boot.SpringApplication.refresh(SpringApplication.java:744)
	at org.springframework.boot.SpringApplication.refreshContext(SpringApplication.java:391)
	at org.springframework.boot.SpringApplication.run(SpringApplication.java:312)
	at org.springframework.boot.SpringApplication.run(SpringApplication.java:1215)
	at org.springframework.boot.SpringApplication.run(SpringApplication.java:1204)
	at com.course.Application.main(Application.java:13)
Caused by: java.lang.NoClassDefFoundError: springfox/documentation/spring/web/DescriptionResolver
	at java.base/java.lang.Class.getDeclaredConstructors0(Native Method)
	at java.base/java.lang.Class.privateGetDeclaredConstructors(Class.java:3142)
	at java.base/java.lang.Class.getDeclaredConstructors(Class.java:2362)
	at org.springframework.beans.factory.annotation.AutowiredAnnotationBeanPostProcessor.determineCandidateConstructors(AutowiredAnnotationBeanPostProcessor.java:279)
	... 18 common frames omitted
Caused by: java.lang.ClassNotFoundException: springfox.documentation.spring.web.DescriptionResolver
	at java.base/jdk.internal.loader.BuiltinClassLoader.loadClass(BuiltinClassLoader.java:583)
	at java.base/jdk.internal.loader.ClassLoaders$AppClassLoader.loadClass(ClassLoaders.java:178)
	at java.base/java.lang.ClassLoader.loadClass(ClassLoader.java:521)
	... 22 common frames omitted
2019-11-03 13:46:32.171 [main] INFO  com.course.Application - Starting Application on wangchunyandeMacBook-Pro.local with PID 70256 (/Users/wangchunyan/Programs/AutoTest/Chapter13/target/classes started by wangchunyan in /Users/wangchunyan/Programs/AutoTest)
2019-11-03 13:46:32.172 [main] INFO  com.course.Application - No active profile set, falling back to default profiles: default
2019-11-03 13:46:32.683 [main] WARN  org.mybatis.spring.mapper.ClassPathMapperScanner - No MyBatis mapper was found in '[com.course]' package. Please check your configuration.
2019-11-03 13:46:32.857 [main] INFO  o.s.context.support.PostProcessorRegistrationDelegate$BeanPostProcessorChecker - Bean 'org.springframework.transaction.annotation.ProxyTransactionManagementConfiguration' of type [org.springframework.transaction.annotation.ProxyTransactionManagementConfiguration$$EnhancerBySpringCGLIB$$c82cc55c] is not eligible for getting processed by all BeanPostProcessors (for example: not eligible for auto-proxying)
2019-11-03 13:46:33.004 [main] INFO  org.springframework.boot.web.embedded.tomcat.TomcatWebServer - Tomcat initialized with port(s): 8080 (http)
2019-11-03 13:46:33.020 [main] INFO  org.apache.catalina.core.StandardService - Starting service [Tomcat]
2019-11-03 13:46:33.020 [main] INFO  org.apache.catalina.core.StandardEngine - Starting Servlet engine: [Apache Tomcat/9.0.24]
2019-11-03 13:46:33.073 [main] INFO  org.apache.catalina.core.ContainerBase.[Tomcat].[localhost].[/] - Initializing Spring embedded WebApplicationContext
2019-11-03 13:46:33.073 [main] INFO  org.springframework.web.context.ContextLoader - Root WebApplicationContext: initialization completed in 879 ms
2019-11-03 13:46:33.347 [main] WARN  o.s.boot.web.servlet.context.AnnotationConfigServletWebServerApplicationContext - Exception encountered during context initialization - cancelling refresh attempt: org.springframework.beans.factory.BeanCreationException: Error creating bean with name 'apiModelPropertyPropertyBuilder': Resolution of declared constructors on bean Class [springfox.documentation.swagger.schema.ApiModelPropertyPropertyBuilder] from ClassLoader [jdk.internal.loader.ClassLoaders$AppClassLoader@3d4eac69] failed; nested exception is java.lang.NoClassDefFoundError: springfox/documentation/spring/web/DescriptionResolver
2019-11-03 13:46:33.348 [main] WARN  org.springframework.context.annotation.CommonAnnotationBeanPostProcessor - Destroy method on bean with name 'application' threw an exception: java.lang.NullPointerException
2019-11-03 13:46:33.349 [main] INFO  org.apache.catalina.core.StandardService - Stopping service [Tomcat]
2019-11-03 13:46:33.357 [main] INFO  o.s.boot.autoconfigure.logging.ConditionEvaluationReportLoggingListener - 

Error starting ApplicationContext. To display the conditions report re-run your application with 'debug' enabled.
2019-11-03 13:46:33.361 [main] ERROR org.springframework.boot.SpringApplication - Application run failed
org.springframework.beans.factory.BeanCreationException: Error creating bean with name 'apiModelPropertyPropertyBuilder': Resolution of declared constructors on bean Class [springfox.documentation.swagger.schema.ApiModelPropertyPropertyBuilder] from ClassLoader [jdk.internal.loader.ClassLoaders$AppClassLoader@3d4eac69] failed; nested exception is java.lang.NoClassDefFoundError: springfox/documentation/spring/web/DescriptionResolver
	at org.springframework.beans.factory.annotation.AutowiredAnnotationBeanPostProcessor.determineCandidateConstructors(AutowiredAnnotationBeanPostProcessor.java:284)
	at org.springframework.beans.factory.support.AbstractAutowireCapableBeanFactory.determineConstructorsFromBeanPostProcessors(AbstractAutowireCapableBeanFactory.java:1269)
	at org.springframework.beans.factory.support.AbstractAutowireCapableBeanFactory.createBeanInstance(AbstractAutowireCapableBeanFactory.java:1184)
	at org.springframework.beans.factory.support.AbstractAutowireCapableBeanFactory.doCreateBean(AbstractAutowireCapableBeanFactory.java:555)
	at org.springframework.beans.factory.support.AbstractAutowireCapableBeanFactory.createBean(AbstractAutowireCapableBeanFactory.java:515)
	at org.springframework.beans.factory.support.AbstractBeanFactory.lambda$doGetBean$0(AbstractBeanFactory.java:320)
	at org.springframework.beans.factory.support.DefaultSingletonBeanRegistry.getSingleton(DefaultSingletonBeanRegistry.java:222)
	at org.springframework.beans.factory.support.AbstractBeanFactory.doGetBean(AbstractBeanFactory.java:318)
	at org.springframework.beans.factory.support.AbstractBeanFactory.getBean(AbstractBeanFactory.java:199)
	at org.springframework.beans.factory.support.DefaultListableBeanFactory.preInstantiateSingletons(DefaultListableBeanFactory.java:845)
	at org.springframework.context.support.AbstractApplicationContext.finishBeanFactoryInitialization(AbstractApplicationContext.java:877)
	at org.springframework.context.support.AbstractApplicationContext.refresh(AbstractApplicationContext.java:549)
	at org.springframework.boot.web.servlet.context.ServletWebServerApplicationContext.refresh(ServletWebServerApplicationContext.java:141)
	at org.springframework.boot.SpringApplication.refresh(SpringApplication.java:744)
	at org.springframework.boot.SpringApplication.refreshContext(SpringApplication.java:391)
	at org.springframework.boot.SpringApplication.run(SpringApplication.java:312)
	at org.springframework.boot.SpringApplication.run(SpringApplication.java:1215)
	at org.springframework.boot.SpringApplication.run(SpringApplication.java:1204)
	at com.course.Application.main(Application.java:19)
Caused by: java.lang.NoClassDefFoundError: springfox/documentation/spring/web/DescriptionResolver
	at java.base/java.lang.Class.getDeclaredConstructors0(Native Method)
	at java.base/java.lang.Class.privateGetDeclaredConstructors(Class.java:3142)
	at java.base/java.lang.Class.getDeclaredConstructors(Class.java:2362)
	at org.springframework.beans.factory.annotation.AutowiredAnnotationBeanPostProcessor.determineCandidateConstructors(AutowiredAnnotationBeanPostProcessor.java:279)
	... 18 common frames omitted
Caused by: java.lang.ClassNotFoundException: springfox.documentation.spring.web.DescriptionResolver
	at java.base/jdk.internal.loader.BuiltinClassLoader.loadClass(BuiltinClassLoader.java:583)
	at java.base/jdk.internal.loader.ClassLoaders$AppClassLoader.loadClass(ClassLoaders.java:178)
	at java.base/java.lang.ClassLoader.loadClass(ClassLoader.java:521)
	... 22 common frames omitted
